C:\Users\Webbeat PC\source\repos\DutchTreat\DutchTreat\wwwroot\Clientapp\out-tsc\ClientApp\app\app.component.js
C:\Users\Webbeat PC\source\repos\DutchTreat\DutchTreat\wwwroot\Clientapp\out-tsc\ClientApp\app\app.component.js.map
C:\Users\Webbeat PC\source\repos\DutchTreat\DutchTreat\wwwroot\Clientapp\out-tsc\ClientApp\app\shared\product.js
C:\Users\Webbeat PC\source\repos\DutchTreat\DutchTreat\wwwroot\Clientapp\out-tsc\ClientApp\app\shared\product.js.map
C:\Users\Webbeat PC\source\repos\DutchTreat\DutchTreat\wwwroot\Clientapp\out-tsc\ClientApp\app\shared\order.js
C:\Users\Webbeat PC\source\repos\DutchTreat\DutchTreat\wwwroot\Clientapp\out-tsc\ClientApp\app\shared\order.js.map
C:\Users\Webbeat PC\source\repos\DutchTreat\DutchTreat\wwwroot\Clientapp\out-tsc\ClientApp\app\shared\dataService.js
C:\Users\Webbeat PC\source\repos\DutchTreat\DutchTreat\wwwroot\Clientapp\out-tsc\ClientApp\app\shared\dataService.js.map
C:\Users\Webbeat PC\source\repos\DutchTreat\DutchTreat\wwwroot\Clientapp\out-tsc\ClientApp\app\Shop\ProductList.component.js
C:\Users\Webbeat PC\source\repos\DutchTreat\DutchTreat\wwwroot\Clientapp\out-tsc\ClientApp\app\Shop\ProductList.component.js.map
C:\Users\Webbeat PC\source\repos\DutchTreat\DutchTreat\wwwroot\Clientapp\out-tsc\ClientApp\app\shop\cart.component.js
C:\Users\Webbeat PC\source\repos\DutchTreat\DutchTreat\wwwroot\Clientapp\out-tsc\ClientApp\app\shop\cart.component.js.map
C:\Users\Webbeat PC\source\repos\DutchTreat\DutchTreat\wwwroot\Clientapp\out-tsc\ClientApp\app\checkout\checkout.component.js
C:\Users\Webbeat PC\source\repos\DutchTreat\DutchTreat\wwwroot\Clientapp\out-tsc\ClientApp\app\checkout\checkout.component.js.map
C:\Users\Webbeat PC\source\repos\DutchTreat\DutchTreat\wwwroot\Clientapp\out-tsc\ClientApp\app\Shop\shop.component.js
C:\Users\Webbeat PC\source\repos\DutchTreat\DutchTreat\wwwroot\Clientapp\out-tsc\ClientApp\app\Shop\shop.component.js.map
C:\Users\Webbeat PC\source\repos\DutchTreat\DutchTreat\wwwroot\Clientapp\out-tsc\ClientApp\app\login\login.componenet.js
C:\Users\Webbeat PC\source\repos\DutchTreat\DutchTreat\wwwroot\Clientapp\out-tsc\ClientApp\app\login\login.componenet.js.map
C:\Users\Webbeat PC\source\repos\DutchTreat\DutchTreat\wwwroot\Clientapp\out-tsc\ClientApp\app\app.module.js
C:\Users\Webbeat PC\source\repos\DutchTreat\DutchTreat\wwwroot\Clientapp\out-tsc\ClientApp\app\app.module.js.map
C:\Users\Webbeat PC\source\repos\DutchTreat\DutchTreat\wwwroot\Clientapp\out-tsc\ClientApp\environments\environment.js
C:\Users\Webbeat PC\source\repos\DutchTreat\DutchTreat\wwwroot\Clientapp\out-tsc\ClientApp\environments\environment.js.map
C:\Users\Webbeat PC\source\repos\DutchTreat\DutchTreat\wwwroot\Clientapp\out-tsc\ClientApp\main.js
C:\Users\Webbeat PC\source\repos\DutchTreat\DutchTreat\wwwroot\Clientapp\out-tsc\ClientApp\main.js.map
C:\Users\Webbeat PC\source\repos\DutchTreat\DutchTreat\wwwroot\Clientapp\out-tsc\ClientApp\polyfills.js
C:\Users\Webbeat PC\source\repos\DutchTreat\DutchTreat\wwwroot\Clientapp\out-tsc\ClientApp\polyfills.js.map
C:\Users\Webbeat PC\source\repos\DutchTreat\DutchTreat\wwwroot\Clientapp\out-tsc\ClientApp\test.js
C:\Users\Webbeat PC\source\repos\DutchTreat\DutchTreat\wwwroot\Clientapp\out-tsc\ClientApp\test.js.map
C:\Users\Webbeat PC\source\repos\DutchTreat\DutchTreat\wwwroot\Clientapp\out-tsc\ClientApp\app\app.component.spec.js
C:\Users\Webbeat PC\source\repos\DutchTreat\DutchTreat\wwwroot\Clientapp\out-tsc\ClientApp\app\app.component.spec.js.map
C:\Users\Webbeat PC\source\repos\DutchTreat\DutchTreat\wwwroot\Clientapp\out-tsc\ClientApp\environments\environment.prod.js
C:\Users\Webbeat PC\source\repos\DutchTreat\DutchTreat\wwwroot\Clientapp\out-tsc\ClientApp\environments\environment.prod.js.map
C:\Users\Webbeat PC\source\repos\DutchTreat\DutchTreat\wwwroot\Clientapp\out-tsc\wwwroot\ts\main.js
C:\Users\Webbeat PC\source\repos\DutchTreat\DutchTreat\wwwroot\Clientapp\out-tsc\wwwroot\ts\main.js.map
C:\Users\Webbeat PC\source\repos\DutchTreat\DutchTreat\wwwroot\Clientapp\out-tsc\wwwroot\ts\storeCustomer.js
C:\Users\Webbeat PC\source\repos\DutchTreat\DutchTreat\wwwroot\Clientapp\out-tsc\wwwroot\ts\storeCustomer.js.map
